This is pdfTeX, Version 3.14159265-2.6-1.40.20 (TeX Live 2019/Debian) (preloaded format=pdflatex 2023.10.31)  20 APR 2024 13:14
entering extended mode
 restricted \write18 enabled.
 file:line:error style messages enabled.
 %&-line parsing enabled.
**/home/alexesn/FOAM_project/heatExchanger/report/Report.tex
(/home/alexesn/FOAM_project/heatExchanger/report/Report.tex
LaTeX2e <2020-02-02> patch level 2
L3 programming layer <2020-02-14> (/usr/share/texlive/texmf-dist/tex/latex/base/article.cls
Document Class: article 2019/12/20 v1.4l Standard LaTeX document class
(/usr/share/texlive/texmf-dist/tex/latex/base/size12.clo
File: size12.clo 2019/12/20 v1.4l Standard LaTeX file (size option)
)
\c@part=\count167
\c@section=\count168
\c@subsection=\count169
\c@subsubsection=\count170
\c@paragraph=\count171
\c@subparagraph=\count172
\c@figure=\count173
\c@table=\count174
\abovecaptionskip=\skip47
\belowcaptionskip=\skip48
\bibindent=\dimen134
) (/usr/share/texlive/texmf-dist/tex/latex/cmap/cmap.sty
Package: cmap 2008/03/06 v1.0h CMap support: searchable PDF
) (/usr/share/texlive/texmf-dist/tex/latex/base/fontenc.sty
Package: fontenc 2020/02/11 v2.0o Standard LaTeX package
 (/usr/share/texlive/texmf-dist/tex/latex/cyrillic/t2aenc.def
File: t2aenc.def 2005/09/27 v1.0i Cyrillic encoding definition file
Now handling font encoding T2A ...
... processing UTF-8 mapping file for font encoding T2A
 (/usr/share/texlive/texmf-dist/tex/latex/base/t2aenc.dfu
File: t2aenc.dfu 2019/11/14 v1.2k UTF-8 support for inputenc
   defining Unicode char U+00A4 (decimal 164)
   defining Unicode char U+00A7 (decimal 167)
   defining Unicode char U+00AB (decimal 171)
   defining Unicode char U+00BB (decimal 187)
   defining Unicode char U+0131 (decimal 305)
   defining Unicode char U+0237 (decimal 567)
   defining Unicode char U+0400 (decimal 1024)
   defining Unicode char U+0401 (decimal 1025)
   defining Unicode char U+0402 (decimal 1026)
   defining Unicode char U+0403 (decimal 1027)
   defining Unicode char U+0404 (decimal 1028)
   defining Unicode char U+0405 (decimal 1029)
   defining Unicode char U+0406 (decimal 1030)
   defining Unicode char U+0407 (decimal 1031)
   defining Unicode char U+0408 (decimal 1032)
   defining Unicode char U+0409 (decimal 1033)
   defining Unicode char U+040A (decimal 1034)
   defining Unicode char U+040B (decimal 1035)
   defining Unicode char U+040C (decimal 1036)
   defining Unicode char U+040D (decimal 1037)
   defining Unicode char U+040E (decimal 1038)
   defining Unicode char U+040F (decimal 1039)
   defining Unicode char U+0410 (decimal 1040)
   defining Unicode char U+0411 (decimal 1041)
   defining Unicode char U+0412 (decimal 1042)
   defining Unicode char U+0413 (decimal 1043)
   defining Unicode char U+0414 (decimal 1044)
   defining Unicode char U+0415 (decimal 1045)
   defining Unicode char U+0416 (decimal 1046)
   defining Unicode char U+0417 (decimal 1047)
   defining Unicode char U+0418 (decimal 1048)
   defining Unicode char U+0419 (decimal 1049)
   defining Unicode char U+041A (decimal 1050)
   defining Unicode char U+041B (decimal 1051)
   defining Unicode char U+041C (decimal 1052)
   defining Unicode char U+041D (decimal 1053)
   defining Unicode char U+041E (decimal 1054)
   defining Unicode char U+041F (decimal 1055)
   defining Unicode char U+0420 (decimal 1056)
   defining Unicode char U+0421 (decimal 1057)
   defining Unicode char U+0422 (decimal 1058)
   defining Unicode char U+0423 (decimal 1059)
   defining Unicode char U+0424 (decimal 1060)
   defining Unicode char U+0425 (decimal 1061)
   defining Unicode char U+0426 (decimal 1062)
   defining Unicode char U+0427 (decimal 1063)
   defining Unicode char U+0428 (decimal 1064)
   defining Unicode char U+0429 (decimal 1065)
   defining Unicode char U+042A (decimal 1066)
   defining Unicode char U+042B (decimal 1067)
   defining Unicode char U+042C (decimal 1068)
   defining Unicode char U+042D (decimal 1069)
   defining Unicode char U+042E (decimal 1070)
   defining Unicode char U+042F (decimal 1071)
   defining Unicode char U+0430 (decimal 1072)
   defining Unicode char U+0431 (decimal 1073)
   defining Unicode char U+0432 (decimal 1074)
   defining Unicode char U+0433 (decimal 1075)
   defining Unicode char U+0434 (decimal 1076)
   defining Unicode char U+0435 (decimal 1077)
   defining Unicode char U+0436 (decimal 1078)
   defining Unicode char U+0437 (decimal 1079)
   defining Unicode char U+0438 (decimal 1080)
   defining Unicode char U+0439 (decimal 1081)
   defining Unicode char U+043A (decimal 1082)
   defining Unicode char U+043B (decimal 1083)
   defining Unicode char U+043C (decimal 1084)
   defining Unicode char U+043D (decimal 1085)
   defining Unicode char U+043E (decimal 1086)
   defining Unicode char U+043F (decimal 1087)
   defining Unicode char U+0440 (decimal 1088)
   defining Unicode char U+0441 (decimal 1089)
   defining Unicode char U+0442 (decimal 1090)
   defining Unicode char U+0443 (decimal 1091)
   defining Unicode char U+0444 (decimal 1092)
   defining Unicode char U+0445 (decimal 1093)
   defining Unicode char U+0446 (decimal 1094)
   defining Unicode char U+0447 (decimal 1095)
   defining Unicode char U+0448 (decimal 1096)
   defining Unicode char U+0449 (decimal 1097)
   defining Unicode char U+044A (decimal 1098)
   defining Unicode char U+044B (decimal 1099)
   defining Unicode char U+044C (decimal 1100)
   defining Unicode char U+044D (decimal 1101)
   defining Unicode char U+044E (decimal 1102)
   defining Unicode char U+044F (decimal 1103)
   defining Unicode char U+0450 (decimal 1104)
   defining Unicode char U+0451 (decimal 1105)
   defining Unicode char U+0452 (decimal 1106)
   defining Unicode char U+0453 (decimal 1107)
   defining Unicode char U+0454 (decimal 1108)
   defining Unicode char U+0455 (decimal 1109)
   defining Unicode char U+0456 (decimal 1110)
   defining Unicode char U+0457 (decimal 1111)
   defining Unicode char U+0458 (decimal 1112)
   defining Unicode char U+0459 (decimal 1113)
   defining Unicode char U+045A (decimal 1114)
   defining Unicode char U+045B (decimal 1115)
   defining Unicode char U+045C (decimal 1116)
   defining Unicode char U+045D (decimal 1117)
   defining Unicode char U+045E (decimal 1118)
   defining Unicode char U+045F (decimal 1119)
   defining Unicode char U+0490 (decimal 1168)
   defining Unicode char U+0491 (decimal 1169)
   defining Unicode char U+0492 (decimal 1170)
   defining Unicode char U+0493 (decimal 1171)
   defining Unicode char U+0496 (decimal 1174)
   defining Unicode char U+0497 (decimal 1175)
   defining Unicode char U+0498 (decimal 1176)
   defining Unicode char U+0499 (decimal 1177)
   defining Unicode char U+049A (decimal 1178)
   defining Unicode char U+049B (decimal 1179)
   defining Unicode char U+049C (decimal 1180)
   defining Unicode char U+049D (decimal 1181)
   defining Unicode char U+04A0 (decimal 1184)
   defining Unicode char U+04A1 (decimal 1185)
   defining Unicode char U+04A2 (decimal 1186)
   defining Unicode char U+04A3 (decimal 1187)
   defining Unicode char U+04A4 (decimal 1188)
   defining Unicode char U+04A5 (decimal 1189)
   defining Unicode char U+04AA (decimal 1194)
   defining Unicode char U+04AB (decimal 1195)
   defining Unicode char U+04AE (decimal 1198)
   defining Unicode char U+04AF (decimal 1199)
   defining Unicode char U+04B0 (decimal 1200)
   defining Unicode char U+04B1 (decimal 1201)
   defining Unicode char U+04B2 (decimal 1202)
   defining Unicode char U+04B3 (decimal 1203)
   defining Unicode char U+04B6 (decimal 1206)
   defining Unicode char U+04B7 (decimal 1207)
   defining Unicode char U+04B8 (decimal 1208)
   defining Unicode char U+04B9 (decimal 1209)
   defining Unicode char U+04BA (decimal 1210)
   defining Unicode char U+04BB (decimal 1211)
   defining Unicode char U+04C0 (decimal 1216)
   defining Unicode char U+04C1 (decimal 1217)
   defining Unicode char U+04C2 (decimal 1218)
   defining Unicode char U+04D0 (decimal 1232)
   defining Unicode char U+04D1 (decimal 1233)
   defining Unicode char U+04D2 (decimal 1234)
   defining Unicode char U+04D3 (decimal 1235)
   defining Unicode char U+04D4 (decimal 1236)
   defining Unicode char U+04D5 (decimal 1237)
   defining Unicode char U+04D6 (decimal 1238)
   defining Unicode char U+04D7 (decimal 1239)
   defining Unicode char U+04D8 (decimal 1240)
   defining Unicode char U+04D9 (decimal 1241)
   defining Unicode char U+04DA (decimal 1242)
   defining Unicode char U+04DB (decimal 1243)
   defining Unicode char U+04DC (decimal 1244)
   defining Unicode char U+04DD (decimal 1245)
   defining Unicode char U+04DE (decimal 1246)
   defining Unicode char U+04DF (decimal 1247)
   defining Unicode char U+04E2 (decimal 1250)
   defining Unicode char U+04E3 (decimal 1251)
   defining Unicode char U+04E4 (decimal 1252)
   defining Unicode char U+04E5 (decimal 1253)
   defining Unicode char U+04E6 (decimal 1254)
   defining Unicode char U+04E7 (decimal 1255)
   defining Unicode char U+04E8 (decimal 1256)
   defining Unicode char U+04E9 (decimal 1257)
   defining Unicode char U+04EC (decimal 1260)
   defining Unicode char U+04ED (decimal 1261)
   defining Unicode char U+04EE (decimal 1262)
   defining Unicode char U+04EF (decimal 1263)
   defining Unicode char U+04F0 (decimal 1264)
   defining Unicode char U+04F1 (decimal 1265)
   defining Unicode char U+04F2 (decimal 1266)
   defining Unicode char U+04F3 (decimal 1267)
   defining Unicode char U+04F4 (decimal 1268)
   defining Unicode char U+04F5 (decimal 1269)
   defining Unicode char U+04F8 (decimal 1272)
   defining Unicode char U+04F9 (decimal 1273)
   defining Unicode char U+200C (decimal 8204)
   defining Unicode char U+2013 (decimal 8211)
   defining Unicode char U+2014 (decimal 8212)
   defining Unicode char U+2018 (decimal 8216)
   defining Unicode char U+2019 (decimal 8217)
   defining Unicode char U+201C (decimal 8220)
   defining Unicode char U+201D (decimal 8221)
   defining Unicode char U+201E (decimal 8222)
   defining Unicode char U+2030 (decimal 8240)
   defining Unicode char U+2031 (decimal 8241)
   defining Unicode char U+2116 (decimal 8470)
   defining Unicode char U+2329 (decimal 9001)
   defining Unicode char U+232A (decimal 9002)
   defining Unicode char U+2423 (decimal 9251)
   defining Unicode char U+27E8 (decimal 10216)
   defining Unicode char U+27E9 (decimal 10217)
   defining Unicode char U+FB00 (decimal 64256)
   defining Unicode char U+FB01 (decimal 64257)
   defining Unicode char U+FB02 (decimal 64258)
   defining Unicode char U+FB03 (decimal 64259)
   defining Unicode char U+FB04 (decimal 64260)
   defining Unicode char U+FB05 (decimal 64261)
   defining Unicode char U+FB06 (decimal 64262)
))
LaTeX Font Info:    Trying to load font information for T2A+cmr on input line 112.
 (/usr/share/texlive/texmf-dist/tex/latex/cyrillic/t2acmr.fd
File: t2acmr.fd 2001/08/11 v1.0a Computer Modern Cyrillic font definitions
)<<t2a.cmap>>) (/usr/share/texlive/texmf-dist/tex/latex/base/inputenc.sty
Package: inputenc 2018/08/11 v1.3c Input encoding file
\inpenc@prehook=\toks14
\inpenc@posthook=\toks15
) (/usr/share/texlive/texmf-dist/tex/generic/babel/babel.sty
Package: babel 2020/02/14 3.40 The Babel package
 (/usr/share/texlive/texmf-dist/tex/generic/babel/switch.def
File: switch.def 2020/02/14 3.40 Babel switching mechanism
) (/usr/share/texlive/texmf-dist/tex/generic/babel-english/english.ldf
Language: english 2017/06/06 v3.3r English support from the babel system
 (/usr/share/texlive/texmf-dist/tex/generic/babel/babel.def
File: babel.def 2020/02/14 3.40 Babel common definitions
\babel@savecnt=\count175
\U@D=\dimen135
 (/usr/share/texlive/texmf-dist/tex/generic/babel/txtbabel.def)
\bbl@readstream=\read2
\bbl@dirlevel=\count176
)
Package babel Info: \l@canadian = using hyphenrules for english
(babel)             (\language0) on input line 102.
Package babel Info: \l@australian = using hyphenrules for ukenglish
(babel)             (\language11) on input line 105.
Package babel Info: \l@newzealand = using hyphenrules for ukenglish
(babel)             (\language11) on input line 108.
) (/usr/share/texlive/texmf-dist/tex/generic/babel-russian/russianb.ldf
Language: russian 2017/08/12 1.3j Russian support for the Babel system
Package babel Info: Making " an active character on input line 120.
Package babel Info: Default for \cyrdash is provided on input line 157.
)) (/usr/share/texlive/texmf-dist/tex/latex/extsizes/extsizes.sty
Package: extsizes 1996/10/08 v1.0 Non Standard LaTeX Package


Package ExtSizes Warning: It is better to use one of the extsizes classes,
 if you can.

(/usr/share/texlive/texmf-dist/tex/latex/base/size12.clo
File: size12.clo 2019/12/20 v1.4l Standard LaTeX file (size option)
LaTeX Info: The control sequence `\normalsize' is already robust on input line 56.
LaTeX Info: Redefining \small on input line 58.
LaTeX Info: Redefining \footnotesize on input line 69.
LaTeX Info: Redefining \scriptsize on input line 80.
LaTeX Info: Redefining \tiny on input line 81.
LaTeX Info: Redefining \large on input line 82.
LaTeX Info: Redefining \Large on input line 83.
LaTeX Info: Redefining \LARGE on input line 84.
LaTeX Info: Redefining \huge on input line 85.
)) (/usr/share/texlive/texmf-dist/tex/latex/geometry/geometry.sty
Package: geometry 2020/01/02 v5.9 Page Geometry
 (/usr/share/texlive/texmf-dist/tex/latex/graphics/keyval.sty
Package: keyval 2014/10/28 v1.15 key=value parser (DPC)
\KV@toks@=\toks16
) (/usr/share/texlive/texmf-dist/tex/generic/iftex/ifvtex.sty
Package: ifvtex 2019/10/25 v1.7 ifvtex legacy package. Use iftex instead.
 (/usr/share/texlive/texmf-dist/tex/generic/iftex/iftex.sty
Package: iftex 2019/11/07 v1.0c TeX engine tests
))
\Gm@cnth=\count177
\Gm@cntv=\count178
\c@Gm@tempcnt=\count179
\Gm@bindingoffset=\dimen136
\Gm@wd@mp=\dimen137
\Gm@odd@mp=\dimen138
\Gm@even@mp=\dimen139
\Gm@layoutwidth=\dimen140
\Gm@layoutheight=\dimen141
\Gm@layouthoffset=\dimen142
\Gm@layoutvoffset=\dimen143
\Gm@dimlist=\toks17
) (/usr/share/texlive/texmf-dist/tex/latex/tools/indentfirst.sty
Package: indentfirst 1995/11/23 v1.03 Indent first paragraph (DPC)
) (/usr/share/texlive/texmf-dist/tex/latex/amsmath/amsmath.sty
Package: amsmath 2020/01/20 v2.17e AMS math features
\@mathmargin=\skip49

For additional information on amsmath, use the `?' option.
(/usr/share/texlive/texmf-dist/tex/latex/amsmath/amstext.sty
Package: amstext 2000/06/29 v2.01 AMS text
 (/usr/share/texlive/texmf-dist/tex/latex/amsmath/amsgen.sty
File: amsgen.sty 1999/11/30 v2.0 generic functions
\@emptytoks=\toks18
\ex@=\dimen144
)) (/usr/share/texlive/texmf-dist/tex/latex/amsmath/amsbsy.sty
Package: amsbsy 1999/11/29 v1.2d Bold Symbols
\pmbraise@=\dimen145
) (/usr/share/texlive/texmf-dist/tex/latex/amsmath/amsopn.sty
Package: amsopn 2016/03/08 v2.02 operator names
)
\inf@bad=\count180
LaTeX Info: Redefining \frac on input line 227.
\uproot@=\count181
\leftroot@=\count182
LaTeX Info: Redefining \overline on input line 389.
\classnum@=\count183
\DOTSCASE@=\count184
LaTeX Info: Redefining \ldots on input line 486.
LaTeX Info: Redefining \dots on input line 489.
LaTeX Info: Redefining \cdots on input line 610.
\Mathstrutbox@=\box45
\strutbox@=\box46
\big@size=\dimen146
LaTeX Font Info:    Redeclaring font encoding OML on input line 733.
LaTeX Font Info:    Redeclaring font encoding OMS on input line 734.
\macc@depth=\count185
\c@MaxMatrixCols=\count186
\dotsspace@=\muskip16
\c@parentequation=\count187
\dspbrk@lvl=\count188
\tag@help=\toks19
\row@=\count189
\column@=\count190
\maxfields@=\count191
\andhelp@=\toks20
\eqnshift@=\dimen147
\alignsep@=\dimen148
\tagshift@=\dimen149
\tagwidth@=\dimen150
\totwidth@=\dimen151
\lineht@=\dimen152
\@envbody=\toks21
\multlinegap=\skip50
\multlinetaggap=\skip51
\mathdisplay@stack=\toks22
LaTeX Info: Redefining \[ on input line 2859.
LaTeX Info: Redefining \] on input line 2860.
) (/usr/share/texlive/texmf-dist/tex/latex/amsfonts/amsfonts.sty
Package: amsfonts 2013/01/14 v3.01 Basic AMSFonts support
\symAMSa=\mathgroup4
\symAMSb=\mathgroup5
LaTeX Font Info:    Redeclaring math symbol \hbar on input line 98.
LaTeX Font Info:    Overwriting math alphabet `\mathfrak' in version `bold'
(Font)                  U/euf/m/n --> U/euf/b/n on input line 106.
) (/usr/share/texlive/texmf-dist/tex/latex/amsfonts/amssymb.sty
Package: amssymb 2013/01/14 v3.01 AMS font symbols
) (/usr/share/texlive/texmf-dist/tex/latex/amscls/amsthm.sty
Package: amsthm 2017/10/31 v2.20.4
\thm@style=\toks23
\thm@bodyfont=\toks24
\thm@headfont=\toks25
\thm@notefont=\toks26
\thm@headpunct=\toks27
\thm@preskip=\skip52
\thm@postskip=\skip53
\thm@headsep=\skip54
\dth@everypar=\toks28
) (/usr/share/texlive/texmf-dist/tex/latex/mathtools/mathtools.sty
Package: mathtools 2020/01/17 v1.23 mathematical typesetting tools
 (/usr/share/texlive/texmf-dist/tex/latex/tools/calc.sty
Package: calc 2017/05/25 v4.3 Infix arithmetic (KKT,FJ)
\calc@Acount=\count192
\calc@Bcount=\count193
\calc@Adimen=\dimen153
\calc@Bdimen=\dimen154
\calc@Askip=\skip55
\calc@Bskip=\skip56
LaTeX Info: Redefining \setlength on input line 80.
LaTeX Info: Redefining \addtolength on input line 81.
\calc@Ccount=\count194
\calc@Cskip=\skip57
) (/usr/share/texlive/texmf-dist/tex/latex/mathtools/mhsetup.sty
Package: mhsetup 2017/03/31 v1.3 programming setup (MH)
)
LaTeX Info: Thecontrolsequence`\('isalreadyrobust on input line 129.
LaTeX Info: Thecontrolsequence`\)'isalreadyrobust on input line 129.
LaTeX Info: Thecontrolsequence`\['isalreadyrobust on input line 129.
LaTeX Info: Thecontrolsequence`\]'isalreadyrobust on input line 129.
\g_MT_multlinerow_int=\count195
\l_MT_multwidth_dim=\dimen155
\origjot=\skip58
\l_MT_shortvdotswithinadjustabove_dim=\dimen156
\l_MT_shortvdotswithinadjustbelow_dim=\dimen157
\l_MT_above_intertext_sep=\dimen158
\l_MT_below_intertext_sep=\dimen159
\l_MT_above_shortintertext_sep=\dimen160
\l_MT_below_shortintertext_sep=\dimen161
) (/usr/share/texlive/texmf-dist/tex/latex/was/icomma.sty
Package: icomma 2002/03/10 v2.0 (WaS)
) (/usr/share/texlive/texmf-dist/tex/latex/graphics/graphicx.sty
Package: graphicx 2019/11/30 v1.2a Enhanced LaTeX Graphics (DPC,SPQR)
 (/usr/share/texlive/texmf-dist/tex/latex/graphics/graphics.sty
Package: graphics 2019/11/30 v1.4a Standard LaTeX Graphics (DPC,SPQR)
 (/usr/share/texlive/texmf-dist/tex/latex/graphics/trig.sty
Package: trig 2016/01/03 v1.10 sin cos tan (DPC)
) (/usr/share/texlive/texmf-dist/tex/latex/graphics-cfg/graphics.cfg
File: graphics.cfg 2016/06/04 v1.11 sample graphics configuration
)
Package graphics Info: Driver file: pdftex.def on input line 105.
 (/usr/share/texlive/texmf-dist/tex/latex/graphics-def/pdftex.def
File: pdftex.def 2018/01/08 v1.0l Graphics/color driver for pdftex
))
\Gin@req@height=\dimen162
\Gin@req@width=\dimen163
) (/usr/share/texlive/texmf-dist/tex/latex/wrapfig/wrapfig.sty
\wrapoverhang=\dimen164
\WF@size=\dimen165
\c@WF@wrappedlines=\count196
\WF@box=\box47
\WF@everypar=\toks29
Package: wrapfig 2003/01/31  v 3.6
) (/usr/share/texlive/texmf-dist/tex/latex/tools/array.sty
Package: array 2019/08/31 v2.4l Tabular extension package (FMi)
\col@sep=\dimen166
\ar@mcellbox=\box48
\extrarowheight=\dimen167
\NC@list=\toks30
\extratabsurround=\skip59
\backup@length=\skip60
\ar@cellbox=\box49
) (/usr/share/texlive/texmf-dist/tex/latex/tools/tabularx.sty
Package: tabularx 2020/01/15 v2.11c `tabularx' package (DPC)
\TX@col@width=\dimen168
\TX@old@table=\dimen169
\TX@old@col=\dimen170
\TX@target=\dimen171
\TX@delta=\dimen172
\TX@cols=\count197
\TX@ftn=\toks31
) (/usr/share/texlive/texmf-dist/tex/latex/tabulary/tabulary.sty
Package: tabulary 2014/06/11 v0.10 tabulary package (DPC)
\TY@count=\count198
\TY@linewidth=\dimen173
\tymin=\dimen174
\tymax=\dimen175
\TY@tablewidth=\dimen176
) (/usr/share/texlive/texmf-dist/tex/latex/booktabs/booktabs.sty
Package: booktabs 2020/01/12 v1.61803398 Publication quality tables
\heavyrulewidth=\dimen177
\lightrulewidth=\dimen178
\cmidrulewidth=\dimen179
\belowrulesep=\dimen180
\belowbottomsep=\dimen181
\aboverulesep=\dimen182
\abovetopsep=\dimen183
\cmidrulesep=\dimen184
\cmidrulekern=\dimen185
\defaultaddspace=\dimen186
\@cmidla=\count199
\@cmidlb=\count266
\@aboverulesep=\dimen187
\@belowrulesep=\dimen188
\@thisruleclass=\count267
\@lastruleclass=\count268
\@thisrulewidth=\dimen189
) (/usr/share/texlive/texmf-dist/tex/latex/tools/longtable.sty
Package: longtable 2020/01/07 v4.13 Multi-page Table package (DPC)
\LTleft=\skip61
\LTright=\skip62
\LTpre=\skip63
\LTpost=\skip64
\LTchunksize=\count269
\LTcapwidth=\dimen190
\LT@head=\box50
\LT@firsthead=\box51
\LT@foot=\box52
\LT@lastfoot=\box53
\LT@cols=\count270
\LT@rows=\count271
\c@LT@tables=\count272
\c@LT@chunks=\count273
\LT@p@ftn=\toks32
) (/usr/share/texlive/texmf-dist/tex/latex/multirow/multirow.sty
Package: multirow 2019/05/31 v2.5 Span multiple rows of a table
\multirow@colwidth=\skip65
\multirow@cntb=\count274
\multirow@dima=\skip66
\bigstrutjot=\dimen191
)
\c@theorem=\count275
\c@corollary=\count276
\c@problem=\count277
 (/usr/share/texlive/texmf-dist/tex/latex/etoolbox/etoolbox.sty
Package: etoolbox 2019/09/21 v2.5h e-TeX tools for LaTeX (JAW)
\etb@tempcnta=\count278
) (/usr/share/texlive/texmf-dist/tex/latex/lastpage/lastpage.sty
Package: lastpage 2015/03/29 v1.2m Refers to last page's name (HMM; JPG)
) (/usr/share/texlive/texmf-dist/tex/latex/soul/soul.sty
Package: soul 2003/11/17 v2.4 letterspacing/underlining (mf)
\SOUL@word=\toks33
\SOUL@lasttoken=\toks34
\SOUL@cmds=\toks35
\SOUL@buffer=\toks36
\SOUL@token=\toks37
\SOUL@spaceskip=\skip67
\SOUL@ttwidth=\dimen192
\SOUL@uldp=\dimen193
\SOUL@ulht=\dimen194
) (/usr/share/texlive/texmf-dist/tex/latex/l3backend/l3backend-pdfmode.def
File: l3backend-pdfmode.def 2020-02-03 L3 backend support: PDF mode
\l__kernel_color_stack_int=\count279
\l__pdf_internal_box=\box54
) (/home/alexesn/FOAM_project/heatExchanger/report/Report.aux)
\openout1 = `Report.aux'.

LaTeX Font Info:    Checking defaults for OML/cmm/m/it on input line 72.
LaTeX Font Info:    ... okay on input line 72.
LaTeX Font Info:    Checking defaults for OMS/cmsy/m/n on input line 72.
LaTeX Font Info:    ... okay on input line 72.
LaTeX Font Info:    Checking defaults for OT1/cmr/m/n on input line 72.
LaTeX Font Info:    ... okay on input line 72.
LaTeX Font Info:    Checking defaults for T1/cmr/m/n on input line 72.
LaTeX Font Info:    ... okay on input line 72.
LaTeX Font Info:    Checking defaults for TS1/cmr/m/n on input line 72.
LaTeX Font Info:    ... okay on input line 72.
LaTeX Font Info:    Checking defaults for OMX/cmex/m/n on input line 72.
LaTeX Font Info:    ... okay on input line 72.
LaTeX Font Info:    Checking defaults for U/cmr/m/n on input line 72.
LaTeX Font Info:    ... okay on input line 72.
LaTeX Font Info:    Checking defaults for T2A/cmr/m/n on input line 72.
LaTeX Font Info:    ... okay on input line 72.

*geometry* driver: auto-detecting
*geometry* detected driver: pdftex
*geometry* verbose mode - [ preamble ] result:
* driver: pdftex
* paper: a4paper
* layout: <same size as paper>
* layoutoffset:(h,v)=(0.0pt,0.0pt)
* modes: 
* h-part:(L,W,R)=(85.35826pt, 469.47049pt, 42.67912pt)
* v-part:(T,H,B)=(71.13188pt, 717.00946pt, 56.9055pt)
* \paperwidth=597.50787pt
* \paperheight=845.04684pt
* \textwidth=469.47049pt
* \textheight=717.00946pt
* \oddsidemargin=13.08827pt
* \evensidemargin=13.08827pt
* \topmargin=-38.1381pt
* \headheight=12.0pt
* \headsep=25.0pt
* \topskip=12.0pt
* \footskip=30.0pt
* \marginparwidth=35.0pt
* \marginparsep=10.0pt
* \columnsep=10.0pt
* \skip\footins=10.8pt plus 4.0pt minus 2.0pt
* \hoffset=0.0pt
* \voffset=0.0pt
* \mag=1000
* \@twocolumnfalse
* \@twosidefalse
* \@mparswitchfalse
* \@reversemarginfalse
* (1in=72.27pt=25.4mm, 1cm=28.453pt)

(/usr/share/texlive/texmf-dist/tex/context/base/mkii/supp-pdf.mkii
[Loading MPS to PDF converter (version 2006.09.02).]
\scratchcounter=\count280
\scratchdimen=\dimen195
\scratchbox=\box55
\nofMPsegments=\count281
\nofMParguments=\count282
\everyMPshowfont=\toks38
\MPscratchCnt=\count283
\MPscratchDim=\dimen196
\MPnumerator=\count284
\makeMPintoPDFobject=\count285
\everyMPtoPDFconversion=\toks39
) (/usr/share/texlive/texmf-dist/tex/latex/epstopdf-pkg/epstopdf-base.sty
Package: epstopdf-base 2020-01-24 v2.11 Base part for package epstopdf
Package epstopdf-base Info: Redefining graphics rule for `.eps' on input line 485.
 (/usr/share/texlive/texmf-dist/tex/latex/latexconfig/epstopdf-sys.cfg
File: epstopdf-sys.cfg 2010/07/13 v1.3 Configuration of (r)epstopdf for TeX Live
))
Package lastpage Info: Please have a look at the pageslts package at
(lastpage)             https://www.ctan.org/pkg/pageslts
(lastpage)             ! on input line 72.
 [1

{/var/lib/texmf/fonts/map/pdftex/updmap/pdftex.map}] [1]
No file Report.toc.
\tf@toc=\write3
\openout3 = `Report.toc'.

[2]

LaTeX Warning: Citation `wOfDocSalome' on page 3 undefined on input line 137.

[3]<<ot1.cmap>><<oml.cmap>><<oms.cmap>><<omx.cmap>>
LaTeX Font Info:    Trying to load font information for U+msa on input line 147.
 (/usr/share/texlive/texmf-dist/tex/latex/amsfonts/umsa.fd
File: umsa.fd 2013/01/14 v3.01 AMS symbols A
)
LaTeX Font Info:    Trying to load font information for U+msb on input line 147.
 (/usr/share/texlive/texmf-dist/tex/latex/amsfonts/umsb.fd
File: umsb.fd 2013/01/14 v3.01 AMS symbols B
) [4] [5] [6] [7]
<images/1.1.png, id=50, 787.743pt x 358.33875pt>
File: images/1.1.png Graphic file (type png)
<use images/1.1.png>
Package pdftex.def Info: images/1.1.png  used on input line 360.
(pdftex.def)             Requested size: 234.73524pt x 106.77524pt.
<images/1.2.png, id=52, 786.5385pt x 422.7795pt>
File: images/1.2.png Graphic file (type png)
<use images/1.2.png>
Package pdftex.def Info: images/1.2.png  used on input line 366.
(pdftex.def)             Requested size: 234.73524pt x 126.17036pt.
<images/1.3.png, id=53, 787.14075pt x 426.393pt>
File: images/1.3.png Graphic file (type png)
<use images/1.3.png>
Package pdftex.def Info: images/1.3.png  used on input line 372.
(pdftex.def)             Requested size: 234.73524pt x 127.15765pt.


LaTeX Warning: `h' float specifier changed to `ht'.

[8 </home/alexesn/FOAM_project/heatExchanger/report/images/1.1.png> </home/alexesn/FOAM_project/heatExchanger/report/images/1.2.png>]
<images/2.1.png, id=59, 777.50475pt x 348.1005pt>
File: images/2.1.png Graphic file (type png)
<use images/2.1.png>
Package pdftex.def Info: images/2.1.png  used on input line 380.
(pdftex.def)             Requested size: 234.73524pt x 105.08958pt.
<images/2.2.png, id=60, 789.54974pt x 428.802pt>
File: images/2.2.png Graphic file (type png)
<use images/2.2.png>
Package pdftex.def Info: images/2.2.png  used on input line 386.
(pdftex.def)             Requested size: 234.73524pt x 127.48347pt.
 [9 </home/alexesn/FOAM_project/heatExchanger/report/images/1.3.png> </home/alexesn/FOAM_project/heatExchanger/report/images/2.1.png> </home/alexesn/FOAM_project/heatExchanger/report/images/2.2.png>]
<images/2.3.png, id=67, 783.52725pt x 424.58624pt>
File: images/2.3.png Graphic file (type png)
<use images/2.3.png>
Package pdftex.def Info: images/2.3.png  used on input line 393.
(pdftex.def)             Requested size: 234.73524pt x 127.20192pt.


LaTeX Warning: Command \cyrm invalid in math mode on input line 400.

Missing character: There is no м in font cmr12!

LaTeX Warning: Citation `aHeatTranserf' on page 10 undefined on input line 401.


LaTeX Warning: Command \cyrm invalid in math mode on input line 407.

Missing character: There is no м in font cmr12!
<images/3.png, id=68, 945.5325pt x 354.123pt>
File: images/3.png Graphic file (type png)
<use images/3.png>
Package pdftex.def Info: images/3.png  used on input line 427.
(pdftex.def)             Requested size: 164.31754pt x 61.54016pt.

LaTeX Warning: Citation `wChtMultiRegionFoam' on page 10 undefined on input line 434.


LaTeX Warning: Citation `aHeatTranserf' on page 10 undefined on input line 435.

[10 </home/alexesn/FOAM_project/heatExchanger/report/images/2.3.png> </home/alexesn/FOAM_project/heatExchanger/report/images/3.png>]
<images/5.1.png, id=74, 816.04875pt x 433.62pt>
File: images/5.1.png Graphic file (type png)
<use images/5.1.png>
Package pdftex.def Info: images/5.1.png  used on input line 440.
(pdftex.def)             Requested size: 211.26028pt x 112.25552pt.
<images/5.2.png, id=75, 817.8555pt x 435.42674pt>
File: images/5.2.png Graphic file (type png)
<use images/5.2.png>
Package pdftex.def Info: images/5.2.png  used on input line 447.
(pdftex.def)             Requested size: 211.26028pt x 112.47078pt.
<images/5.3.png, id=76, 819.06pt x 437.83575pt>
File: images/5.3.png Graphic file (type png)
<use images/5.3.png>
Package pdftex.def Info: images/5.3.png  used on input line 454.
(pdftex.def)             Requested size: 211.26028pt x 112.92601pt.
 [11 </home/alexesn/FOAM_project/heatExchanger/report/images/5.1.png> </home/alexesn/FOAM_project/heatExchanger/report/images/5.2.png> </home/alexesn/FOAM_project/heatExchanger/report/images/5.3.png>] [12]
<images/6.1.png, id=87, 406.51875pt x 433.62pt>
File: images/6.1.png Graphic file (type png)
<use images/6.1.png>
Package pdftex.def Info: images/6.1.png  used on input line 486.
(pdftex.def)             Requested size: 187.78532pt x 200.3013pt.
<images/6.2.png, id=88, 404.712pt x 430.60875pt>
File: images/6.2.png Graphic file (type png)
<use images/6.2.png>
Package pdftex.def Info: images/6.2.png  used on input line 492.
(pdftex.def)             Requested size: 187.78532pt x 199.8039pt.
 [13 </home/alexesn/FOAM_project/heatExchanger/report/images/6.1.png> </home/alexesn/FOAM_project/heatExchanger/report/images/6.2.png>]
<images/6.3.png, id=94, 402.303pt x 433.62pt>
File: images/6.3.png Graphic file (type png)
<use images/6.3.png>
Package pdftex.def Info: images/6.3.png  used on input line 499.
(pdftex.def)             Requested size: 187.78532pt x 202.40535pt.
<images/6.png, id=95, 405.31425pt x 430.60875pt>
File: images/6.png Graphic file (type png)
<use images/6.png>
Package pdftex.def Info: images/6.png  used on input line 505.
(pdftex.def)             Requested size: 187.78532pt x 199.50166pt.
 [14 </home/alexesn/FOAM_project/heatExchanger/report/images/6.3.png> </home/alexesn/FOAM_project/heatExchanger/report/images/6.png>]
<images/11.1.png, id=101, 386.6445pt x 254.1495pt>
File: images/11.1.png Graphic file (type png)
<use images/11.1.png>
Package pdftex.def Info: images/11.1.png  used on input line 515.
(pdftex.def)             Requested size: 164.31754pt x 108.00629pt.
<images/12.1.png, id=102, 387.24675pt x 252.34274pt>
File: images/12.1.png Graphic file (type png)
<use images/12.1.png>
Package pdftex.def Info: images/12.1.png  used on input line 521.
(pdftex.def)             Requested size: 164.31754pt x 107.07674pt.
<images/13.1.png, id=103, 390.258pt x 251.7405pt>
File: images/13.1.png Graphic file (type png)
<use images/13.1.png>
Package pdftex.def Info: images/13.1.png  used on input line 527.
(pdftex.def)             Requested size: 164.31754pt x 105.99532pt.
 [15 </home/alexesn/FOAM_project/heatExchanger/report/images/11.1.png> </home/alexesn/FOAM_project/heatExchanger/report/images/12.1.png> </home/alexesn/FOAM_project/heatExchanger/report/images/13.1.png>]
<images/14.1.png, id=110, 382.42876pt x 253.54726pt>
File: images/14.1.png Graphic file (type png)
<use images/14.1.png>
Package pdftex.def Info: images/14.1.png  used on input line 534.
(pdftex.def)             Requested size: 187.78532pt x 124.49844pt.
<images/15.1.png, id=111, 380.622pt x 252.34274pt>
File: images/15.1.png Graphic file (type png)
<use images/15.1.png>
Package pdftex.def Info: images/15.1.png  used on input line 540.
(pdftex.def)             Requested size: 187.78532pt x 124.49997pt.
<images/7.1.png, id=112, 819.06pt x 432.4155pt>
File: images/7.1.png Graphic file (type png)
<use images/7.1.png>
Package pdftex.def Info: images/7.1.png  used on input line 550.
(pdftex.def)             Requested size: 187.78532pt x 99.13676pt.
<images/7.2.png, id=113, 819.66225pt x 437.2335pt>
File: images/7.2.png Graphic file (type png)
<use images/7.2.png>
Package pdftex.def Info: images/7.2.png  used on input line 557.
(pdftex.def)             Requested size: 187.78532pt x 100.16795pt.


LaTeX Warning: `h' float specifier changed to `ht'.

[16 </home/alexesn/FOAM_project/heatExchanger/report/images/14.1.png> </home/alexesn/FOAM_project/heatExchanger/report/images/15.1.png> </home/alexesn/FOAM_project/heatExchanger/report/images/7.1.png>]
<images/7.3.png, id=120, 814.242pt x 434.8245pt>
File: images/7.3.png Graphic file (type png)
<use images/7.3.png>
Package pdftex.def Info: images/7.3.png  used on input line 564.
(pdftex.def)             Requested size: 187.78532pt x 100.27956pt.
<images/8.1.png, id=121, 817.25325pt x 435.42674pt>
File: images/8.1.png Graphic file (type png)
<use images/8.1.png>
Package pdftex.def Info: images/8.1.png  used on input line 573.
(pdftex.def)             Requested size: 187.78532pt x 100.04637pt.
<images/8.2.png, id=122, 814.242pt x 434.8245pt>
File: images/8.2.png Graphic file (type png)
<use images/8.2.png>
Package pdftex.def Info: images/8.2.png  used on input line 580.
(pdftex.def)             Requested size: 187.78532pt x 100.27956pt.


LaTeX Warning: `h' float specifier changed to `ht'.

[17 </home/alexesn/FOAM_project/heatExchanger/report/images/7.2.png> </home/alexesn/FOAM_project/heatExchanger/report/images/7.3.png> </home/alexesn/FOAM_project/heatExchanger/report/images/8.1.png>]
<images/8.3.png, id=129, 820.2645pt x 437.2335pt>
File: images/8.3.png Graphic file (type png)
<use images/8.3.png>
Package pdftex.def Info: images/8.3.png  used on input line 587.
(pdftex.def)             Requested size: 187.78532pt x 100.09457pt.
<images/9.png, id=130, 819.66225pt x 436.63126pt>
File: images/9.png Graphic file (type png)
<use images/9.png>
Package pdftex.def Info: images/9.png  used on input line 593.
(pdftex.def)             Requested size: 187.78532pt x 100.02998pt.

Overfull \hbox (39.7313pt too wide) in paragraph at lines 598--598
[]\T2A/cmr/bx/n/17.28 Проблема с ав-то-ма-ти-че-ской ге-не-ра-ци-ей сет-ки в SALOME 
 []

LaTeX Font Info:    Trying to load font information for T2A+cmtt on input line 603.
(/usr/share/texlive/texmf-dist/tex/latex/cyrillic/t2acmtt.fd
File: t2acmtt.fd 2001/08/11 v1.0a Computer Modern Cyrillic font definitions
)
LaTeX Font Info:    Font shape `T2A/cmtt/bx/n' in size <14.4> not available
(Font)              Font shape `T2A/cmtt/m/n' tried instead on input line 603.
 [18 </home/alexesn/FOAM_project/heatExchanger/report/images/8.2.png> </home/alexesn/FOAM_project/heatExchanger/report/images/8.3.png> </home/alexesn/FOAM_project/heatExchanger/report/images/9.png>]
Overfull \hbox (24.4089pt too wide) in paragraph at lines 624--624
[]\T2A/cmtt/m/n/12 print(f"ID форм внутри прямоугольного параллелепипеда: {shapes_inside_box_ids}")[] 
 []


Overfull \hbox (3.0245pt too wide) in paragraph at lines 630--631
[]\T2A/cmr/m/n/12 Функция \T2A/cmtt/m/n/12 GetShapesOnPlaneWithLocationIDs \T2A/cmr/m/n/12 воз-вра-ща-ет иден-ти-фи-ка-то-ры форм, ко-
 []


Overfull \hbox (18.23541pt too wide) in paragraph at lines 637--637
[]\T2A/cmtt/m/n/12 shapes_on_plane_ids = geompy.GetShapesOnPlaneWithLocationIDs(main_shape, plane)[] 
 []


LaTeX Warning: Citation `salome_doc' on page 19 undefined on input line 639.


Overfull \hbox (5.44543pt too wide) in paragraph at lines 643--643
[]\T2A/cmr/bx/n/17.28 Автоматизированный про-цесс ге-не-ра-ции сет-ки и рас-
 []

[19]
Overfull \hbox (3.96976pt too wide) in paragraph at lines 661--662
\T2A/cmr/m/n/12 щие 25 то-чек ва-рьи-ро-ва-ния па-ра-мет-ров. Ис-сле-ду-е-мые па-ра-мет-ры \T2A/cmtt/m/n/12 shift_first_cylinder
 []

[20]
<images/16.1.jpg, id=146, 462.528pt x 346.896pt>
File: images/16.1.jpg Graphic file (type jpg)
<use images/16.1.jpg>
Package pdftex.def Info: images/16.1.jpg  used on input line 665.
(pdftex.def)             Requested size: 187.78532pt x 140.84145pt.
<images/16.2.jpg, id=147, 462.528pt x 346.896pt>
File: images/16.2.jpg Graphic file (type jpg)
<use images/16.2.jpg>
Package pdftex.def Info: images/16.2.jpg  used on input line 672.
(pdftex.def)             Requested size: 187.78532pt x 140.84145pt.
 [21 </home/alexesn/FOAM_project/heatExchanger/report/images/16.1.jpg> </home/alexesn/FOAM_project/heatExchanger/report/images/16.2.jpg>]
<images/16.3.jpg, id=151, 462.528pt x 346.896pt>
File: images/16.3.jpg Graphic file (type jpg)
<use images/16.3.jpg>
Package pdftex.def Info: images/16.3.jpg  used on input line 679.
(pdftex.def)             Requested size: 187.78532pt x 140.84145pt.
 [22 </home/alexesn/FOAM_project/heatExchanger/report/images/16.3.jpg>]
<images/17.1.jpg, id=155, 925.056pt x 461.0826pt>
File: images/17.1.jpg Graphic file (type jpg)
<use images/17.1.jpg>
Package pdftex.def Info: images/17.1.jpg  used on input line 708.
(pdftex.def)             Requested size: 187.78532pt x 93.59384pt.
<images/17.2.jpg, id=156, 925.056pt x 461.0826pt>
File: images/17.2.jpg Graphic file (type jpg)
<use images/17.2.jpg>
Package pdftex.def Info: images/17.2.jpg  used on input line 714.
(pdftex.def)             Requested size: 187.78532pt x 93.59384pt.
<images/18.1.jpg, id=157, 925.056pt x 461.0826pt>
File: images/18.1.jpg Graphic file (type jpg)
<use images/18.1.jpg>
Package pdftex.def Info: images/18.1.jpg  used on input line 723.
(pdftex.def)             Requested size: 187.78532pt x 93.59384pt.


LaTeX Warning: `h' float specifier changed to `ht'.

<images/18.2.jpg, id=158, 925.056pt x 461.0826pt>
File: images/18.2.jpg Graphic file (type jpg)
<use images/18.2.jpg>
Package pdftex.def Info: images/18.2.jpg  used on input line 729.
(pdftex.def)             Requested size: 187.78532pt x 93.59384pt.

LaTeX Warning: `h' float specifier changed to `ht'.

[23 </home/alexesn/FOAM_project/heatExchanger/report/images/17.1.jpg> </home/alexesn/FOAM_project/heatExchanger/report/images/17.2.jpg>]
<images/18.3.jpg, id=162, 925.056pt x 461.0826pt>
File: images/18.3.jpg Graphic file (type jpg)
<use images/18.3.jpg>
Package pdftex.def Info: images/18.3.jpg  used on input line 740.
(pdftex.def)             Requested size: 187.78532pt x 93.59384pt.
<images/19.jpg, id=163, 373.99725pt x 304.7385pt>
File: images/19.jpg Graphic file (type jpg)
<use images/19.jpg>
Package pdftex.def Info: images/19.jpg  used on input line 749.
(pdftex.def)             Requested size: 187.78532pt x 153.01056pt.


LaTeX Warning: `h' float specifier changed to `ht'.

[24 </home/alexesn/FOAM_project/heatExchanger/report/images/18.1.jpg> </home/alexesn/FOAM_project/heatExchanger/report/images/18.2.jpg> </home/alexesn/FOAM_project/heatExchanger/report/images/18.3.jpg>]
<images/20.jpg, id=168, 450.483pt x 280.6485pt>
File: images/20.jpg Graphic file (type jpg)
<use images/20.jpg>
Package pdftex.def Info: images/20.jpg  used on input line 762.
(pdftex.def)             Requested size: 187.78532pt x 116.9894pt.
<images/21.1.jpg, id=169, 660.66824pt x 395.67825pt>
File: images/21.1.jpg Graphic file (type jpg)
<use images/21.1.jpg>
Package pdftex.def Info: images/21.1.jpg  used on input line 773.
(pdftex.def)             Requested size: 187.78532pt x 112.46155pt.
 [25 </home/alexesn/FOAM_project/heatExchanger/report/images/19.jpg> </home/alexesn/FOAM_project/heatExchanger/report/images/20.jpg>]
<images/21.2.jpg, id=173, 770.88pt x 438.438pt>
File: images/21.2.jpg Graphic file (type jpg)
<use images/21.2.jpg>
Package pdftex.def Info: images/21.2.jpg  used on input line 779.
(pdftex.def)             Requested size: 187.78532pt x 106.79941pt.
<images/21.3.jpg, id=174, 770.88pt x 438.438pt>
File: images/21.3.jpg Graphic file (type jpg)
<use images/21.3.jpg>
Package pdftex.def Info: images/21.3.jpg  used on input line 785.
(pdftex.def)             Requested size: 187.78532pt x 106.79941pt.
<images/21.4.jpg, id=175, 704.03024pt x 409.53pt>
File: images/21.4.jpg Graphic file (type jpg)
<use images/21.4.jpg>
Package pdftex.def Info: images/21.4.jpg  used on input line 794.
(pdftex.def)             Requested size: 187.78532pt x 109.23105pt.


LaTeX Warning: `h' float specifier changed to `ht'.

[26 </home/alexesn/FOAM_project/heatExchanger/report/images/21.1.jpg> </home/alexesn/FOAM_project/heatExchanger/report/images/21.2.jpg> </home/alexesn/FOAM_project/heatExchanger/report/images/21.3.jpg>]
<images/21.5.jpg, id=179, 731.1315pt x 436.029pt>
File: images/21.5.jpg Graphic file (type jpg)
<use images/21.5.jpg>
Package pdftex.def Info: images/21.5.jpg  used on input line 804.
(pdftex.def)             Requested size: 187.78532pt x 111.98764pt.
 [27 </home/alexesn/FOAM_project/heatExchanger/report/images/21.4.jpg> </home/alexesn/FOAM_project/heatExchanger/report/images/21.5.jpg>]
<images/22.1.jpg, id=183, 770.88pt x 475.7775pt>
File: images/22.1.jpg Graphic file (type jpg)
<use images/22.1.jpg>
Package pdftex.def Info: images/22.1.jpg  used on input line 823.
(pdftex.def)             Requested size: 187.78532pt x 115.89497pt.
<images/22.2.jpg, id=184, 682.9515pt x 422.7795pt>
File: images/22.2.jpg Graphic file (type jpg)
<use images/22.2.jpg>
Package pdftex.def Info: images/22.2.jpg  used on input line 829.
(pdftex.def)             Requested size: 187.78532pt x 116.24858pt.
<images/22.3.jpg, id=185, 461.92575pt x 261.3765pt>
File: images/22.3.jpg Graphic file (type jpg)
<use images/22.3.jpg>
Package pdftex.def Info: images/22.3.jpg  used on input line 835.
(pdftex.def)             Requested size: 187.78532pt x 106.25572pt.
<images/22.4.jpg, id=186, 770.88pt x 343.88475pt>
File: images/22.4.jpg Graphic file (type jpg)
<use images/22.4.jpg>
Package pdftex.def Info: images/22.4.jpg  used on input line 841.
(pdftex.def)             Requested size: 187.78532pt x 83.76712pt.


LaTeX Warning: `h' float specifier changed to `ht'.

[28 </home/alexesn/FOAM_project/heatExchanger/report/images/22.1.jpg> </home/alexesn/FOAM_project/heatExchanger/report/images/22.2.jpg> </home/alexesn/FOAM_project/heatExchanger/report/images/22.3.jpg>]
<images/23.1.jpg, id=190, 502.2765pt x 417.9615pt>
File: images/23.1.jpg Graphic file (type jpg)
<use images/23.1.jpg>
Package pdftex.def Info: images/23.1.jpg  used on input line 852.
(pdftex.def)             Requested size: 187.78532pt x 156.26323pt.
<images/23.2.jpg, id=191, 926.71219pt x 587.19376pt>
File: images/23.2.jpg Graphic file (type jpg)
<use images/23.2.jpg>
Package pdftex.def Info: images/23.2.jpg  used on input line 858.
(pdftex.def)             Requested size: 187.78532pt x 118.98672pt.


LaTeX Warning: `h' float specifier changed to `ht'.

<images/23.3.jpg, id=192, 845.40843pt x 500.62032pt>
File: images/23.3.jpg Graphic file (type jpg)
<use images/23.3.jpg>
Package pdftex.def Info: images/23.3.jpg  used on input line 864.
(pdftex.def)             Requested size: 187.78532pt x 111.19861pt.

LaTeX Warning: `h' float specifier changed to `ht'.

[29 </home/alexesn/FOAM_project/heatExchanger/report/images/22.4.jpg> </home/alexesn/FOAM_project/heatExchanger/report/images/23.1.jpg>] [30 </home/alexesn/FOAM_project/heatExchanger/report/images/23.2.jpg> </home/alexesn/FOAM_project/heatExchanger/report/images/23.3.jpg>]

LaTeX Warning: Citation `evolution' on page 31 undefined on input line 890.

[31]

LaTeX Warning: Citation `Chernyshev2007' on page 32 undefined on input line 907.

<images/24.jpg, id=203, 770.88pt x 493.845pt>
File: images/24.jpg Graphic file (type jpg)
<use images/24.jpg>
Package pdftex.def Info: images/24.jpg  used on input line 911.
(pdftex.def)             Requested size: 187.78532pt x 120.29605pt.

Overfull \hbox (6.23558pt too wide) in paragraph at lines 916--917
[]\T2A/cmr/m/n/12 L-BFGS-B (Limited-memory Broyden-Fletcher-Goldfarb-Shanno with Bound constraints): 
 []


LaTeX Warning: Citation `limited_BFGS' on page 32 undefined on input line 935.

[32 </home/alexesn/FOAM_project/heatExchanger/report/images/24.jpg>] [33]

/home/alexesn/FOAM_project/heatExchanger/report/Report.tex:951: Package inputenc Error: Unicode character пїЅ (U+FFFD)
(inputenc)                not set up for use with LaTeX.

See the inputenc package documentation for explanation.
Type  H <return>  for immediate help.
 ...                                              
                                                  
l.951 ... СЃСЂР°РІРЅРµРЅРёСЋ СЃ РїРѕР»РЅС‹Рј РїпїЅ
                                                  пїЅСЂРµР±РѕСЂРѕРј.
You may provide a definition with
\DeclareUnicodeCharacter 


/home/alexesn/FOAM_project/heatExchanger/report/Report.tex:951: Package inputenc Error: Unicode character пїЅ (U+FFFD)
(inputenc)                not set up for use with LaTeX.

See the inputenc package documentation for explanation.
Type  H <return>  for immediate help.
 ...                                              
                                                  
l.951 ...СЂР°РІРЅРµРЅРёСЋ СЃ РїРѕР»РЅС‹Рј РїпїЅпїЅ
                                                  СЂРµР±РѕСЂРѕРј.
You may provide a definition with
\DeclareUnicodeCharacter 

[34] [35] (/home/alexesn/FOAM_project/heatExchanger/report/Report.bbl
Underfull \hbox (badness 2617) in paragraph at lines 17--19
[]\T2A/cmr/m/n/12 Conjugate heat transfer CFD tutorial for plate fin heat sink.  2020. URL:
 []


Underfull \hbox (badness 10000) in paragraph at lines 22--24
[]\T2A/cmr/m/n/12 OpenFOAM: User Guide: chtMultiRegionFoam. URL:
 []


Underfull \hbox (badness 10000) in paragraph at lines 22--24
\T2A/cmr/m/n/12 https://www.openfoam.com/documentation/guides/latest/doc/guide-applications-
 []


Underfull \hbox (badness 10000) in paragraph at lines 27--29
[]\T2A/cmr/m/n/12 Developer's Documentation ^^V SALOME version 9.11 documentation. URL:
 []


Underfull \hbox (badness 10000) in paragraph at lines 50--53
[]\T2A/cmr/m/n/12 Liu Dong C., Nocedal Jorge. On the limited memory BFGS method
 []


Underfull \hbox (badness 10000) in paragraph at lines 50--53
\T2A/cmr/m/n/12 for large scale optimization // Mathematical Programming. URL:
 []

) [36]

Package lastpage Warning: Rerun to get the references right on input line 967.


AED: lastpage setting LastPage
[37] (/home/alexesn/FOAM_project/heatExchanger/report/Report.aux)

LaTeX Warning: There were undefined references.


LaTeX Warning: Label(s) may have changed. Rerun to get cross-references right.

 ) 
Here is how much of TeX's memory you used:
 6433 strings out of 481239
 91301 string characters out of 5920376
 341941 words of memory out of 5000000
 21454 multiletter control sequences out of 15000+600000
 551009 words of font info for 76 fonts, out of 8000000 for 9000
 1141 hyphenation exceptions out of 8191
 30i,12n,27p,994b,274s stack positions out of 5000i,500n,10000p,200000b,80000s
{/usr/share/texmf/fonts/enc/dvips/cm-super/cm-super-t2a.enc}{/usr/share/texmf/fonts/enc/dvips/cm-super/cm-super-ts1.enc}</usr/share/texlive/texmf-dist/fonts/type1/public/amsfonts/cm/cmbx12.pfb></usr/share/texlive/texmf-dist/fonts/type1/public/amsfonts/cm/cmex10.pfb></usr/share/texlive/texmf-dist/fonts/type1/public/amsfonts/cm/cmmi12.pfb></usr/share/texlive/texmf-dist/fonts/type1/public/amsfonts/cm/cmmi8.pfb></usr/share/texlive/texmf-dist/fonts/type1/public/amsfonts/cm/cmr12.pfb></usr/share/texlive/texmf-dist/fonts/type1/public/amsfonts/cm/cmr6.pfb></usr/share/texlive/texmf-dist/fonts/type1/public/amsfonts/cm/cmr8.pfb></usr/share/texlive/texmf-dist/fonts/type1/public/amsfonts/cm/cmsy10.pfb></usr/share/texlive/texmf-dist/fonts/type1/public/amsfonts/cm/cmsy8.pfb></usr/share/texmf/fonts/type1/public/cm-super/sfbx1200.pfb></usr/share/texmf/fonts/type1/public/cm-super/sfbx1440.pfb></usr/share/texmf/fonts/type1/public/cm-super/sfbx1728.pfb></usr/share/texmf/fonts/type1/public/cm-super/sfrm0800.pfb></usr/share/texmf/fonts/type1/public/cm-super/sfrm1200.pfb></usr/share/texmf/fonts/type1/public/cm-super/sfrm1440.pfb></usr/share/texmf/fonts/type1/public/cm-super/sfti1440.pfb></usr/share/texmf/fonts/type1/public/cm-super/sftt1200.pfb></usr/share/texmf/fonts/type1/public/cm-super/sftt1440.pfb>
Output written on /home/alexesn/FOAM_project/heatExchanger/report/Report.pdf (38 pages, 2244817 bytes).
PDF statistics:
 286 PDF objects out of 1000 (max. 8388607)
 146 compressed objects within 2 object streams
 0 named destinations out of 1000 (max. 500000)
 266 words of extra memory for PDF output out of 10000 (max. 10000000)

